d:\dropbox\projects\bumblebeecontrol\x64\release\settings.obj
d:\dropbox\projects\bumblebeecontrol\x64\release\moc_settings.obj
d:\dropbox\projects\bumblebeecontrol\x64\release\moc_opencvsink.obj
d:\dropbox\projects\bumblebeecontrol\x64\release\moc_mainwindow.obj
d:\dropbox\projects\bumblebeecontrol\x64\release\moc_hdf5sink.obj
d:\dropbox\projects\bumblebeecontrol\x64\release\moc_hdf5cvt.obj
d:\dropbox\projects\bumblebeecontrol\x64\release\moc_genlcamcap.obj
d:\dropbox\projects\bumblebeecontrol\x64\release\moc_cvth5dialog.obj
d:\dropbox\projects\bumblebeecontrol\x64\release\moc_cqtopencvviewergl.obj
d:\dropbox\projects\bumblebeecontrol\x64\release\opencvsink.obj
d:\dropbox\projects\bumblebeecontrol\x64\release\mainwindow.obj
d:\dropbox\projects\bumblebeecontrol\x64\release\main.obj
d:\dropbox\projects\bumblebeecontrol\x64\release\imagebuffer.obj
d:\dropbox\projects\bumblebeecontrol\x64\release\hdf5sink.obj
d:\dropbox\projects\bumblebeecontrol\x64\release\hdf5cvt.obj
d:\dropbox\projects\bumblebeecontrol\x64\release\genlcamcap.obj
d:\dropbox\projects\bumblebeecontrol\x64\release\cvth5dialog.obj
d:\dropbox\projects\bumblebeecontrol\x64\release\cqtopencvviewergl.obj
d:\dropbox\projects\bumblebeecontrol\x64\release\configs.obj
d:\dropbox\projects\bumblebeecontrol\x64\release\qrc_state_pic.obj
d:\dropbox\projects\bumblebeecontrol\release\moc_cqtopencvviewergl.cpp
d:\dropbox\projects\bumblebeecontrol\release\moc_cvth5dialog.cpp
d:\dropbox\projects\bumblebeecontrol\release\moc_genlcamcap.cpp
d:\dropbox\projects\bumblebeecontrol\release\moc_hdf5cvt.cpp
d:\dropbox\projects\bumblebeecontrol\release\moc_hdf5sink.cpp
d:\dropbox\projects\bumblebeecontrol\release\moc_mainwindow.cpp
d:\dropbox\projects\bumblebeecontrol\release\moc_opencvsink.cpp
d:\dropbox\projects\bumblebeecontrol\release\moc_settings.cpp
d:\dropbox\projects\bumblebeecontrol\generatedfiles\ui_cvth5dialog.h
d:\dropbox\projects\bumblebeecontrol\generatedfiles\ui_genlcamcap.h
d:\dropbox\projects\bumblebeecontrol\generatedfiles\ui_mainwindow.h
d:\dropbox\projects\bumblebeecontrol\generatedfiles\ui_settings.h
d:\dropbox\projects\bumblebeecontrol\generatedfiles\qrc_state_pic.cpp
d:\dropbox\projects\bumblebeecontrol\release\bumblebeecontrol.exe
d:\dropbox\projects\bumblebeecontrol\x64\release\bumblebeecontrol.tlog\cl.command.1.tlog
d:\dropbox\projects\bumblebeecontrol\x64\release\bumblebeecontrol.tlog\cl.read.1.tlog
d:\dropbox\projects\bumblebeecontrol\x64\release\bumblebeecontrol.tlog\cl.write.1.tlog
d:\dropbox\projects\bumblebeecontrol\x64\release\bumblebeecontrol.tlog\custombuild.command.1.tlog
d:\dropbox\projects\bumblebeecontrol\x64\release\bumblebeecontrol.tlog\custombuild.read.1.tlog
d:\dropbox\projects\bumblebeecontrol\x64\release\bumblebeecontrol.tlog\custombuild.write.1.tlog
d:\dropbox\projects\bumblebeecontrol\x64\release\bumblebeecontrol.tlog\link.command.1.tlog
d:\dropbox\projects\bumblebeecontrol\x64\release\bumblebeecontrol.tlog\link.read.1.tlog
d:\dropbox\projects\bumblebeecontrol\x64\release\bumblebeecontrol.tlog\link.write.1.tlog
