  Moc'ing cqtopencvviewergl.h...
  Moc'ing cvth5dialog.h...
  Moc'ing genlcamcap.h...
  Moc'ing hdf5cvt.h...
  Moc'ing hdf5sink.h...
  Moc'ing mainwindow.h...
  Moc'ing opencvsink.h...
  Moc'ing settings.h...
  Uic'ing cvth5dialog.ui...
  Uic'ing genlcamcap.ui...
  Uic'ing mainwindow.ui...
  Uic'ing settings.ui...
  Rcc'ing state_pic.qrc...
  configs.cpp
configs.cpp(165): warning C4838: 从“int”转换到“quint32”需要收缩转换
  cqtopencvviewergl.cpp
..\..\..\..\dev\opencv\opencv3.1\build\include\opencv2/core/mat.hpp(1965): warning C4819: 该文件包含不能在当前代码页(936)中表示的字符。请将该文件保存为 Unicode 格式以防止数据丢失
..\..\..\..\dev\opencv\opencv3.1\build\include\opencv2/core/persistence.hpp : warning C4819: 该文件包含不能在当前代码页(936)中表示的字符。请将该文件保存为 Unicode 格式以防止数据丢失
..\..\..\..\dev\opencv\opencv3.1\build\include\opencv2/core/utility.hpp : warning C4819: 该文件包含不能在当前代码页(936)中表示的字符。请将该文件保存为 Unicode 格式以防止数据丢失
..\..\..\..\dev\opencv\opencv3.1\build\include\opencv2/core/utility.hpp : warning C4819: 该文件包含不能在当前代码页(936)中表示的字符。请将该文件保存为 Unicode 格式以防止数据丢失
  cvth5dialog.cpp
..\..\..\..\dev\opencv\opencv3.1\build\include\opencv2/core/mat.hpp(1965): warning C4819: 该文件包含不能在当前代码页(936)中表示的字符。请将该文件保存为 Unicode 格式以防止数据丢失
..\..\..\..\dev\opencv\opencv3.1\build\include\opencv2/core/persistence.hpp : warning C4819: 该文件包含不能在当前代码页(936)中表示的字符。请将该文件保存为 Unicode 格式以防止数据丢失
..\..\..\..\dev\opencv\opencv3.1\build\include\opencv2/core/utility.hpp : warning C4819: 该文件包含不能在当前代码页(936)中表示的字符。请将该文件保存为 Unicode 格式以防止数据丢失
..\..\..\..\dev\opencv\opencv3.1\build\include\opencv2/core/utility.hpp : warning C4819: 该文件包含不能在当前代码页(936)中表示的字符。请将该文件保存为 Unicode 格式以防止数据丢失
  genlcamcap.cpp
videoinput\genlcam\Include\GenICam/Camera.h : warning C4819: 该文件包含不能在当前代码页(936)中表示的字符。请将该文件保存为 Unicode 格式以防止数据丢失
d:\dropbox\projects\bumblebeecontrol\videoinput\genlcam\include\genicam\Frame.h : warning C4819: 该文件包含不能在当前代码页(936)中表示的字符。请将该文件保存为 Unicode 格式以防止数据丢失
d:\dropbox\projects\bumblebeecontrol\videoinput\genlcam\include\genicam\PixelType.h : warning C4819: 该文件包含不能在当前代码页(936)中表示的字符。请将该文件保存为 Unicode 格式以防止数据丢失
d:\dropbox\projects\bumblebeecontrol\videoinput\genlcam\include\genicam\StreamSource.h : warning C4819: 该文件包含不能在当前代码页(936)中表示的字符。请将该文件保存为 Unicode 格式以防止数据丢失
videoinput\genlcam\Include\GenICam/System.h : warning C4819: 该文件包含不能在当前代码页(936)中表示的字符。请将该文件保存为 Unicode 格式以防止数据丢失
d:\dropbox\projects\bumblebeecontrol\videoinput\genlcam\include\genicam\ParameterNode.h : warning C4819: 该文件包含不能在当前代码页(936)中表示的字符。请将该文件保存为 Unicode 格式以防止数据丢失
d:\dropbox\projects\bumblebeecontrol\videoinput\genlcam\include\genicam\AcquisitionControl.h : warning C4819: 该文件包含不能在当前代码页(936)中表示的字符。请将该文件保存为 Unicode 格式以防止数据丢失
d:\dropbox\projects\bumblebeecontrol\videoinput\genlcam\include\genicam\AnalogControl.h : warning C4819: 该文件包含不能在当前代码页(936)中表示的字符。请将该文件保存为 Unicode 格式以防止数据丢失
d:\dropbox\projects\bumblebeecontrol\videoinput\genlcam\include\genicam\ImageFormatControl.h : warning C4819: 该文件包含不能在当前代码页(936)中表示的字符。请将该文件保存为 Unicode 格式以防止数据丢失
d:\dropbox\projects\bumblebeecontrol\videoinput\genlcam\include\genicam\ISPControl.h : warning C4819: 该文件包含不能在当前代码页(936)中表示的字符。请将该文件保存为 Unicode 格式以防止数据丢失
d:\dropbox\projects\bumblebeecontrol\videoinput\genlcam\include\genicam\UserSetControl.h : warning C4819: 该文件包含不能在当前代码页(936)中表示的字符。请将该文件保存为 Unicode 格式以防止数据丢失
d:\dropbox\projects\bumblebeecontrol\videoinput\genlcam\include\genicam\DeviceControl.h : warning C4819: 该文件包含不能在当前代码页(936)中表示的字符。请将该文件保存为 Unicode 格式以防止数据丢失
d:\dropbox\projects\bumblebeecontrol\videoinput\genlcam\include\genicam\TransportLayerControl.h : warning C4819: 该文件包含不能在当前代码页(936)中表示的字符。请将该文件保存为 Unicode 格式以防止数据丢失
d:\dropbox\projects\bumblebeecontrol\videoinput\genlcam\include\genicam\DigitalIOControl.h : warning C4819: 该文件包含不能在当前代码页(936)中表示的字符。请将该文件保存为 Unicode 格式以防止数据丢失
d:\dropbox\projects\bumblebeecontrol\videoinput\genlcam\include\genicam\EventSubscribe.h : warning C4819: 该文件包含不能在当前代码页(936)中表示的字符。请将该文件保存为 Unicode 格式以防止数据丢失
..\..\..\..\dev\opencv\opencv3.1\build\include\opencv2/core/mat.hpp(1965): warning C4819: 该文件包含不能在当前代码页(936)中表示的字符。请将该文件保存为 Unicode 格式以防止数据丢失
..\..\..\..\dev\opencv\opencv3.1\build\include\opencv2/core/persistence.hpp : warning C4819: 该文件包含不能在当前代码页(936)中表示的字符。请将该文件保存为 Unicode 格式以防止数据丢失
..\..\..\..\dev\opencv\opencv3.1\build\include\opencv2/core/utility.hpp : warning C4819: 该文件包含不能在当前代码页(936)中表示的字符。请将该文件保存为 Unicode 格式以防止数据丢失
..\..\..\..\dev\opencv\opencv3.1\build\include\opencv2/core/utility.hpp : warning C4819: 该文件包含不能在当前代码页(936)中表示的字符。请将该文件保存为 Unicode 格式以防止数据丢失
  hdf5cvt.cpp
d:\dev\hdf5\1.10.0-patch1\include\H5Exception.h(93): warning C4251: “H5::Exception::detail_message”: class“std::basic_string<char,std::char_traits<char>,std::allocator<char>>”需要有 dll 接口由 class“H5::Exception”的客户端使用
  D:\dev\visual studio 14\VC\include\xstring(2633): note: 参见“std::basic_string<char,std::char_traits<char>,std::allocator<char>>”的声明
d:\dev\hdf5\1.10.0-patch1\include\H5Exception.h(94): warning C4251: “H5::Exception::func_name”: class“std::basic_string<char,std::char_traits<char>,std::allocator<char>>”需要有 dll 接口由 class“H5::Exception”的客户端使用
  D:\dev\visual studio 14\VC\include\xstring(2633): note: 参见“std::basic_string<char,std::char_traits<char>,std::allocator<char>>”的声明
..\..\..\..\dev\opencv\opencv3.1\build\include\opencv2/core/mat.hpp(1965): warning C4819: 该文件包含不能在当前代码页(936)中表示的字符。请将该文件保存为 Unicode 格式以防止数据丢失
..\..\..\..\dev\opencv\opencv3.1\build\include\opencv2/core/persistence.hpp : warning C4819: 该文件包含不能在当前代码页(936)中表示的字符。请将该文件保存为 Unicode 格式以防止数据丢失
..\..\..\..\dev\opencv\opencv3.1\build\include\opencv2/core/utility.hpp : warning C4819: 该文件包含不能在当前代码页(936)中表示的字符。请将该文件保存为 Unicode 格式以防止数据丢失
..\..\..\..\dev\opencv\opencv3.1\build\include\opencv2/core/utility.hpp : warning C4819: 该文件包含不能在当前代码页(936)中表示的字符。请将该文件保存为 Unicode 格式以防止数据丢失
  hdf5sink.cpp
..\..\..\..\dev\opencv\opencv3.1\build\include\opencv2/core/mat.hpp(1965): warning C4819: 该文件包含不能在当前代码页(936)中表示的字符。请将该文件保存为 Unicode 格式以防止数据丢失
..\..\..\..\dev\opencv\opencv3.1\build\include\opencv2/core/persistence.hpp : warning C4819: 该文件包含不能在当前代码页(936)中表示的字符。请将该文件保存为 Unicode 格式以防止数据丢失
..\..\..\..\dev\opencv\opencv3.1\build\include\opencv2/core/utility.hpp : warning C4819: 该文件包含不能在当前代码页(936)中表示的字符。请将该文件保存为 Unicode 格式以防止数据丢失
..\..\..\..\dev\opencv\opencv3.1\build\include\opencv2/core/utility.hpp : warning C4819: 该文件包含不能在当前代码页(936)中表示的字符。请将该文件保存为 Unicode 格式以防止数据丢失
d:\dropbox\projects\bumblebeecontrol\videoinput\genlcam\include\infra\types\IntTypes.h(297): warning C4005: “PRId64”: 宏重定义
  C:\Program Files (x86)\Windows Kits\10\Include\10.0.10240.0\ucrt\inttypes.h(112): note: 参见“PRId64”的前一个定义
d:\dropbox\projects\bumblebeecontrol\videoinput\genlcam\include\infra\types\IntTypes.h(298): warning C4005: “PRIi64”: 宏重定义
  C:\Program Files (x86)\Windows Kits\10\Include\10.0.10240.0\ucrt\inttypes.h(131): note: 参见“PRIi64”的前一个定义
d:\dropbox\projects\bumblebeecontrol\videoinput\genlcam\include\infra\types\IntTypes.h(299): warning C4005: “PRIu64”: 宏重定义
  C:\Program Files (x86)\Windows Kits\10\Include\10.0.10240.0\ucrt\inttypes.h(169): note: 参见“PRIu64”的前一个定义
d:\dropbox\projects\bumblebeecontrol\videoinput\genlcam\include\infra\types\IntTypes.h(300): warning C4005: “PRIo64”: 宏重定义
  C:\Program Files (x86)\Windows Kits\10\Include\10.0.10240.0\ucrt\inttypes.h(150): note: 参见“PRIo64”的前一个定义
d:\dropbox\projects\bumblebeecontrol\videoinput\genlcam\include\infra\types\IntTypes.h(301): warning C4005: “PRIx64”: 宏重定义
  C:\Program Files (x86)\Windows Kits\10\Include\10.0.10240.0\ucrt\inttypes.h(188): note: 参见“PRIx64”的前一个定义
hdf5sink.cpp(131): warning C4018: “<”: 有符号/无符号不匹配
hdf5sink.cpp(147): warning C4018: “<”: 有符号/无符号不匹配
hdf5sink.cpp(154): warning C4018: “<”: 有符号/无符号不匹配
hdf5sink.cpp(166): warning C4838: 从“int”转换到“hsize_t”需要收缩转换
hdf5sink.cpp(171): warning C4838: 从“int”转换到“hsize_t”需要收缩转换
  imagebuffer.cpp
..\..\..\..\dev\opencv\opencv3.1\build\include\opencv2/core/mat.hpp(1965): warning C4819: 该文件包含不能在当前代码页(936)中表示的字符。请将该文件保存为 Unicode 格式以防止数据丢失
..\..\..\..\dev\opencv\opencv3.1\build\include\opencv2/core/persistence.hpp : warning C4819: 该文件包含不能在当前代码页(936)中表示的字符。请将该文件保存为 Unicode 格式以防止数据丢失
..\..\..\..\dev\opencv\opencv3.1\build\include\opencv2/core/utility.hpp : warning C4819: 该文件包含不能在当前代码页(936)中表示的字符。请将该文件保存为 Unicode 格式以防止数据丢失
..\..\..\..\dev\opencv\opencv3.1\build\include\opencv2/core/utility.hpp : warning C4819: 该文件包含不能在当前代码页(936)中表示的字符。请将该文件保存为 Unicode 格式以防止数据丢失
imagebuffer.cpp(51): warning C4267: “初始化”: 从“size_t”转换到“int”，可能丢失数据
imagebuffer.cpp(51): warning C4189: “buffersize”: 局部变量已初始化但不引用
imagebuffer.cpp(84): warning C4267: “初始化”: 从“size_t”转换到“int”，可能丢失数据
imagebuffer.cpp(84): warning C4189: “buffersize”: 局部变量已初始化但不引用
imagebuffer.cpp(120): warning C4267: “参数”: 从“size_t”转换到“int”，可能丢失数据
imagebuffer.cpp(124): warning C4267: “参数”: 从“size_t”转换到“int”，可能丢失数据
imagebuffer.cpp(141): warning C4267: “return”: 从“size_t”转换到“int”，可能丢失数据
  main.cpp
..\..\..\..\dev\opencv\opencv3.1\build\include\opencv2/core/mat.hpp(1965): warning C4819: 该文件包含不能在当前代码页(936)中表示的字符。请将该文件保存为 Unicode 格式以防止数据丢失
..\..\..\..\dev\opencv\opencv3.1\build\include\opencv2/core/persistence.hpp : warning C4819: 该文件包含不能在当前代码页(936)中表示的字符。请将该文件保存为 Unicode 格式以防止数据丢失
..\..\..\..\dev\opencv\opencv3.1\build\include\opencv2/core/utility.hpp : warning C4819: 该文件包含不能在当前代码页(936)中表示的字符。请将该文件保存为 Unicode 格式以防止数据丢失
..\..\..\..\dev\opencv\opencv3.1\build\include\opencv2/core/utility.hpp : warning C4819: 该文件包含不能在当前代码页(936)中表示的字符。请将该文件保存为 Unicode 格式以防止数据丢失
videoinput\genlcam\Include\GenICam/Camera.h : warning C4819: 该文件包含不能在当前代码页(936)中表示的字符。请将该文件保存为 Unicode 格式以防止数据丢失
d:\dropbox\projects\bumblebeecontrol\videoinput\genlcam\include\infra\types\IntTypes.h(297): warning C4005: “PRId64”: 宏重定义
  C:\Program Files (x86)\Windows Kits\10\Include\10.0.10240.0\ucrt\inttypes.h(112): note: 参见“PRId64”的前一个定义
d:\dropbox\projects\bumblebeecontrol\videoinput\genlcam\include\infra\types\IntTypes.h(298): warning C4005: “PRIi64”: 宏重定义
  C:\Program Files (x86)\Windows Kits\10\Include\10.0.10240.0\ucrt\inttypes.h(131): note: 参见“PRIi64”的前一个定义
d:\dropbox\projects\bumblebeecontrol\videoinput\genlcam\include\infra\types\IntTypes.h(299): warning C4005: “PRIu64”: 宏重定义
  C:\Program Files (x86)\Windows Kits\10\Include\10.0.10240.0\ucrt\inttypes.h(169): note: 参见“PRIu64”的前一个定义
d:\dropbox\projects\bumblebeecontrol\videoinput\genlcam\include\infra\types\IntTypes.h(300): warning C4005: “PRIo64”: 宏重定义
  C:\Program Files (x86)\Windows Kits\10\Include\10.0.10240.0\ucrt\inttypes.h(150): note: 参见“PRIo64”的前一个定义
d:\dropbox\projects\bumblebeecontrol\videoinput\genlcam\include\infra\types\IntTypes.h(301): warning C4005: “PRIx64”: 宏重定义
  C:\Program Files (x86)\Windows Kits\10\Include\10.0.10240.0\ucrt\inttypes.h(188): note: 参见“PRIx64”的前一个定义
d:\dropbox\projects\bumblebeecontrol\videoinput\genlcam\include\genicam\Frame.h : warning C4819: 该文件包含不能在当前代码页(936)中表示的字符。请将该文件保存为 Unicode 格式以防止数据丢失
d:\dropbox\projects\bumblebeecontrol\videoinput\genlcam\include\genicam\PixelType.h : warning C4819: 该文件包含不能在当前代码页(936)中表示的字符。请将该文件保存为 Unicode 格式以防止数据丢失
d:\dropbox\projects\bumblebeecontrol\videoinput\genlcam\include\genicam\StreamSource.h : warning C4819: 该文件包含不能在当前代码页(936)中表示的字符。请将该文件保存为 Unicode 格式以防止数据丢失
videoinput\genlcam\Include\GenICam/System.h : warning C4819: 该文件包含不能在当前代码页(936)中表示的字符。请将该文件保存为 Unicode 格式以防止数据丢失
d:\dropbox\projects\bumblebeecontrol\videoinput\genlcam\include\genicam\ParameterNode.h : warning C4819: 该文件包含不能在当前代码页(936)中表示的字符。请将该文件保存为 Unicode 格式以防止数据丢失
d:\dropbox\projects\bumblebeecontrol\videoinput\genlcam\include\genicam\AcquisitionControl.h : warning C4819: 该文件包含不能在当前代码页(936)中表示的字符。请将该文件保存为 Unicode 格式以防止数据丢失
d:\dropbox\projects\bumblebeecontrol\videoinput\genlcam\include\genicam\AnalogControl.h : warning C4819: 该文件包含不能在当前代码页(936)中表示的字符。请将该文件保存为 Unicode 格式以防止数据丢失
d:\dropbox\projects\bumblebeecontrol\videoinput\genlcam\include\genicam\ImageFormatControl.h : warning C4819: 该文件包含不能在当前代码页(936)中表示的字符。请将该文件保存为 Unicode 格式以防止数据丢失
d:\dropbox\projects\bumblebeecontrol\videoinput\genlcam\include\genicam\ISPControl.h : warning C4819: 该文件包含不能在当前代码页(936)中表示的字符。请将该文件保存为 Unicode 格式以防止数据丢失
d:\dropbox\projects\bumblebeecontrol\videoinput\genlcam\include\genicam\UserSetControl.h : warning C4819: 该文件包含不能在当前代码页(936)中表示的字符。请将该文件保存为 Unicode 格式以防止数据丢失
d:\dropbox\projects\bumblebeecontrol\videoinput\genlcam\include\genicam\DeviceControl.h : warning C4819: 该文件包含不能在当前代码页(936)中表示的字符。请将该文件保存为 Unicode 格式以防止数据丢失
d:\dropbox\projects\bumblebeecontrol\videoinput\genlcam\include\genicam\TransportLayerControl.h : warning C4819: 该文件包含不能在当前代码页(936)中表示的字符。请将该文件保存为 Unicode 格式以防止数据丢失
d:\dropbox\projects\bumblebeecontrol\videoinput\genlcam\include\genicam\DigitalIOControl.h : warning C4819: 该文件包含不能在当前代码页(936)中表示的字符。请将该文件保存为 Unicode 格式以防止数据丢失
d:\dropbox\projects\bumblebeecontrol\videoinput\genlcam\include\genicam\EventSubscribe.h : warning C4819: 该文件包含不能在当前代码页(936)中表示的字符。请将该文件保存为 Unicode 格式以防止数据丢失
  mainwindow.cpp
..\..\..\..\dev\opencv\opencv3.1\build\include\opencv2/core/mat.hpp(1965): warning C4819: 该文件包含不能在当前代码页(936)中表示的字符。请将该文件保存为 Unicode 格式以防止数据丢失
..\..\..\..\dev\opencv\opencv3.1\build\include\opencv2/core/persistence.hpp : warning C4819: 该文件包含不能在当前代码页(936)中表示的字符。请将该文件保存为 Unicode 格式以防止数据丢失
..\..\..\..\dev\opencv\opencv3.1\build\include\opencv2/core/utility.hpp : warning C4819: 该文件包含不能在当前代码页(936)中表示的字符。请将该文件保存为 Unicode 格式以防止数据丢失
..\..\..\..\dev\opencv\opencv3.1\build\include\opencv2/core/utility.hpp : warning C4819: 该文件包含不能在当前代码页(936)中表示的字符。请将该文件保存为 Unicode 格式以防止数据丢失
videoinput\genlcam\Include\GenICam/Camera.h : warning C4819: 该文件包含不能在当前代码页(936)中表示的字符。请将该文件保存为 Unicode 格式以防止数据丢失
d:\dropbox\projects\bumblebeecontrol\videoinput\genlcam\include\infra\types\IntTypes.h(297): warning C4005: “PRId64”: 宏重定义
  C:\Program Files (x86)\Windows Kits\10\Include\10.0.10240.0\ucrt\inttypes.h(112): note: 参见“PRId64”的前一个定义
d:\dropbox\projects\bumblebeecontrol\videoinput\genlcam\include\infra\types\IntTypes.h(298): warning C4005: “PRIi64”: 宏重定义
  C:\Program Files (x86)\Windows Kits\10\Include\10.0.10240.0\ucrt\inttypes.h(131): note: 参见“PRIi64”的前一个定义
d:\dropbox\projects\bumblebeecontrol\videoinput\genlcam\include\infra\types\IntTypes.h(299): warning C4005: “PRIu64”: 宏重定义
  C:\Program Files (x86)\Windows Kits\10\Include\10.0.10240.0\ucrt\inttypes.h(169): note: 参见“PRIu64”的前一个定义
d:\dropbox\projects\bumblebeecontrol\videoinput\genlcam\include\infra\types\IntTypes.h(300): warning C4005: “PRIo64”: 宏重定义
  C:\Program Files (x86)\Windows Kits\10\Include\10.0.10240.0\ucrt\inttypes.h(150): note: 参见“PRIo64”的前一个定义
d:\dropbox\projects\bumblebeecontrol\videoinput\genlcam\include\infra\types\IntTypes.h(301): warning C4005: “PRIx64”: 宏重定义
  C:\Program Files (x86)\Windows Kits\10\Include\10.0.10240.0\ucrt\inttypes.h(188): note: 参见“PRIx64”的前一个定义
d:\dropbox\projects\bumblebeecontrol\videoinput\genlcam\include\genicam\Frame.h : warning C4819: 该文件包含不能在当前代码页(936)中表示的字符。请将该文件保存为 Unicode 格式以防止数据丢失
d:\dropbox\projects\bumblebeecontrol\videoinput\genlcam\include\genicam\PixelType.h : warning C4819: 该文件包含不能在当前代码页(936)中表示的字符。请将该文件保存为 Unicode 格式以防止数据丢失
d:\dropbox\projects\bumblebeecontrol\videoinput\genlcam\include\genicam\StreamSource.h : warning C4819: 该文件包含不能在当前代码页(936)中表示的字符。请将该文件保存为 Unicode 格式以防止数据丢失
videoinput\genlcam\Include\GenICam/System.h : warning C4819: 该文件包含不能在当前代码页(936)中表示的字符。请将该文件保存为 Unicode 格式以防止数据丢失
d:\dropbox\projects\bumblebeecontrol\videoinput\genlcam\include\genicam\ParameterNode.h : warning C4819: 该文件包含不能在当前代码页(936)中表示的字符。请将该文件保存为 Unicode 格式以防止数据丢失
d:\dropbox\projects\bumblebeecontrol\videoinput\genlcam\include\genicam\AcquisitionControl.h : warning C4819: 该文件包含不能在当前代码页(936)中表示的字符。请将该文件保存为 Unicode 格式以防止数据丢失
d:\dropbox\projects\bumblebeecontrol\videoinput\genlcam\include\genicam\AnalogControl.h : warning C4819: 该文件包含不能在当前代码页(936)中表示的字符。请将该文件保存为 Unicode 格式以防止数据丢失
d:\dropbox\projects\bumblebeecontrol\videoinput\genlcam\include\genicam\ImageFormatControl.h : warning C4819: 该文件包含不能在当前代码页(936)中表示的字符。请将该文件保存为 Unicode 格式以防止数据丢失
d:\dropbox\projects\bumblebeecontrol\videoinput\genlcam\include\genicam\ISPControl.h : warning C4819: 该文件包含不能在当前代码页(936)中表示的字符。请将该文件保存为 Unicode 格式以防止数据丢失
d:\dropbox\projects\bumblebeecontrol\videoinput\genlcam\include\genicam\UserSetControl.h : warning C4819: 该文件包含不能在当前代码页(936)中表示的字符。请将该文件保存为 Unicode 格式以防止数据丢失
d:\dropbox\projects\bumblebeecontrol\videoinput\genlcam\include\genicam\DeviceControl.h : warning C4819: 该文件包含不能在当前代码页(936)中表示的字符。请将该文件保存为 Unicode 格式以防止数据丢失
d:\dropbox\projects\bumblebeecontrol\videoinput\genlcam\include\genicam\TransportLayerControl.h : warning C4819: 该文件包含不能在当前代码页(936)中表示的字符。请将该文件保存为 Unicode 格式以防止数据丢失
d:\dropbox\projects\bumblebeecontrol\videoinput\genlcam\include\genicam\DigitalIOControl.h : warning C4819: 该文件包含不能在当前代码页(936)中表示的字符。请将该文件保存为 Unicode 格式以防止数据丢失
d:\dropbox\projects\bumblebeecontrol\videoinput\genlcam\include\genicam\EventSubscribe.h : warning C4819: 该文件包含不能在当前代码页(936)中表示的字符。请将该文件保存为 Unicode 格式以防止数据丢失
  opencvsink.cpp
..\..\..\..\dev\opencv\opencv3.1\build\include\opencv2/core/mat.hpp(1965): warning C4819: 该文件包含不能在当前代码页(936)中表示的字符。请将该文件保存为 Unicode 格式以防止数据丢失
..\..\..\..\dev\opencv\opencv3.1\build\include\opencv2/core/persistence.hpp : warning C4819: 该文件包含不能在当前代码页(936)中表示的字符。请将该文件保存为 Unicode 格式以防止数据丢失
..\..\..\..\dev\opencv\opencv3.1\build\include\opencv2/core/utility.hpp : warning C4819: 该文件包含不能在当前代码页(936)中表示的字符。请将该文件保存为 Unicode 格式以防止数据丢失
..\..\..\..\dev\opencv\opencv3.1\build\include\opencv2/core/utility.hpp : warning C4819: 该文件包含不能在当前代码页(936)中表示的字符。请将该文件保存为 Unicode 格式以防止数据丢失
  moc_cqtopencvviewergl.cpp
..\..\..\..\dev\opencv\opencv3.1\build\include\opencv2/core/mat.hpp(1965): warning C4819: 该文件包含不能在当前代码页(936)中表示的字符。请将该文件保存为 Unicode 格式以防止数据丢失
..\..\..\..\dev\opencv\opencv3.1\build\include\opencv2/core/persistence.hpp : warning C4819: 该文件包含不能在当前代码页(936)中表示的字符。请将该文件保存为 Unicode 格式以防止数据丢失
..\..\..\..\dev\opencv\opencv3.1\build\include\opencv2/core/utility.hpp : warning C4819: 该文件包含不能在当前代码页(936)中表示的字符。请将该文件保存为 Unicode 格式以防止数据丢失
..\..\..\..\dev\opencv\opencv3.1\build\include\opencv2/core/utility.hpp : warning C4819: 该文件包含不能在当前代码页(936)中表示的字符。请将该文件保存为 Unicode 格式以防止数据丢失
  moc_cvth5dialog.cpp
..\..\..\..\dev\opencv\opencv3.1\build\include\opencv2/core/mat.hpp(1965): warning C4819: 该文件包含不能在当前代码页(936)中表示的字符。请将该文件保存为 Unicode 格式以防止数据丢失
..\..\..\..\dev\opencv\opencv3.1\build\include\opencv2/core/persistence.hpp : warning C4819: 该文件包含不能在当前代码页(936)中表示的字符。请将该文件保存为 Unicode 格式以防止数据丢失
..\..\..\..\dev\opencv\opencv3.1\build\include\opencv2/core/utility.hpp : warning C4819: 该文件包含不能在当前代码页(936)中表示的字符。请将该文件保存为 Unicode 格式以防止数据丢失
..\..\..\..\dev\opencv\opencv3.1\build\include\opencv2/core/utility.hpp : warning C4819: 该文件包含不能在当前代码页(936)中表示的字符。请将该文件保存为 Unicode 格式以防止数据丢失
  moc_genlcamcap.cpp
videoinput\genlcam\Include\GenICam/Camera.h : warning C4819: 该文件包含不能在当前代码页(936)中表示的字符。请将该文件保存为 Unicode 格式以防止数据丢失
d:\dropbox\projects\bumblebeecontrol\videoinput\genlcam\include\genicam\Frame.h : warning C4819: 该文件包含不能在当前代码页(936)中表示的字符。请将该文件保存为 Unicode 格式以防止数据丢失
d:\dropbox\projects\bumblebeecontrol\videoinput\genlcam\include\genicam\PixelType.h : warning C4819: 该文件包含不能在当前代码页(936)中表示的字符。请将该文件保存为 Unicode 格式以防止数据丢失
d:\dropbox\projects\bumblebeecontrol\videoinput\genlcam\include\genicam\StreamSource.h : warning C4819: 该文件包含不能在当前代码页(936)中表示的字符。请将该文件保存为 Unicode 格式以防止数据丢失
videoinput\genlcam\Include\GenICam/System.h : warning C4819: 该文件包含不能在当前代码页(936)中表示的字符。请将该文件保存为 Unicode 格式以防止数据丢失
d:\dropbox\projects\bumblebeecontrol\videoinput\genlcam\include\genicam\ParameterNode.h : warning C4819: 该文件包含不能在当前代码页(936)中表示的字符。请将该文件保存为 Unicode 格式以防止数据丢失
d:\dropbox\projects\bumblebeecontrol\videoinput\genlcam\include\genicam\AcquisitionControl.h : warning C4819: 该文件包含不能在当前代码页(936)中表示的字符。请将该文件保存为 Unicode 格式以防止数据丢失
d:\dropbox\projects\bumblebeecontrol\videoinput\genlcam\include\genicam\AnalogControl.h : warning C4819: 该文件包含不能在当前代码页(936)中表示的字符。请将该文件保存为 Unicode 格式以防止数据丢失
d:\dropbox\projects\bumblebeecontrol\videoinput\genlcam\include\genicam\ImageFormatControl.h : warning C4819: 该文件包含不能在当前代码页(936)中表示的字符。请将该文件保存为 Unicode 格式以防止数据丢失
d:\dropbox\projects\bumblebeecontrol\videoinput\genlcam\include\genicam\ISPControl.h : warning C4819: 该文件包含不能在当前代码页(936)中表示的字符。请将该文件保存为 Unicode 格式以防止数据丢失
d:\dropbox\projects\bumblebeecontrol\videoinput\genlcam\include\genicam\UserSetControl.h : warning C4819: 该文件包含不能在当前代码页(936)中表示的字符。请将该文件保存为 Unicode 格式以防止数据丢失
d:\dropbox\projects\bumblebeecontrol\videoinput\genlcam\include\genicam\DeviceControl.h : warning C4819: 该文件包含不能在当前代码页(936)中表示的字符。请将该文件保存为 Unicode 格式以防止数据丢失
d:\dropbox\projects\bumblebeecontrol\videoinput\genlcam\include\genicam\TransportLayerControl.h : warning C4819: 该文件包含不能在当前代码页(936)中表示的字符。请将该文件保存为 Unicode 格式以防止数据丢失
d:\dropbox\projects\bumblebeecontrol\videoinput\genlcam\include\genicam\DigitalIOControl.h : warning C4819: 该文件包含不能在当前代码页(936)中表示的字符。请将该文件保存为 Unicode 格式以防止数据丢失
d:\dropbox\projects\bumblebeecontrol\videoinput\genlcam\include\genicam\EventSubscribe.h : warning C4819: 该文件包含不能在当前代码页(936)中表示的字符。请将该文件保存为 Unicode 格式以防止数据丢失
..\..\..\..\dev\opencv\opencv3.1\build\include\opencv2/core/mat.hpp(1965): warning C4819: 该文件包含不能在当前代码页(936)中表示的字符。请将该文件保存为 Unicode 格式以防止数据丢失
..\..\..\..\dev\opencv\opencv3.1\build\include\opencv2/core/persistence.hpp : warning C4819: 该文件包含不能在当前代码页(936)中表示的字符。请将该文件保存为 Unicode 格式以防止数据丢失
..\..\..\..\dev\opencv\opencv3.1\build\include\opencv2/core/utility.hpp : warning C4819: 该文件包含不能在当前代码页(936)中表示的字符。请将该文件保存为 Unicode 格式以防止数据丢失
..\..\..\..\dev\opencv\opencv3.1\build\include\opencv2/core/utility.hpp : warning C4819: 该文件包含不能在当前代码页(936)中表示的字符。请将该文件保存为 Unicode 格式以防止数据丢失
  moc_hdf5cvt.cpp
d:\dev\hdf5\1.10.0-patch1\include\H5Exception.h(93): warning C4251: “H5::Exception::detail_message”: class“std::basic_string<char,std::char_traits<char>,std::allocator<char>>”需要有 dll 接口由 class“H5::Exception”的客户端使用
  D:\dev\visual studio 14\VC\include\xstring(2633): note: 参见“std::basic_string<char,std::char_traits<char>,std::allocator<char>>”的声明
d:\dev\hdf5\1.10.0-patch1\include\H5Exception.h(94): warning C4251: “H5::Exception::func_name”: class“std::basic_string<char,std::char_traits<char>,std::allocator<char>>”需要有 dll 接口由 class“H5::Exception”的客户端使用
  D:\dev\visual studio 14\VC\include\xstring(2633): note: 参见“std::basic_string<char,std::char_traits<char>,std::allocator<char>>”的声明
..\..\..\..\dev\opencv\opencv3.1\build\include\opencv2/core/mat.hpp(1965): warning C4819: 该文件包含不能在当前代码页(936)中表示的字符。请将该文件保存为 Unicode 格式以防止数据丢失
..\..\..\..\dev\opencv\opencv3.1\build\include\opencv2/core/persistence.hpp : warning C4819: 该文件包含不能在当前代码页(936)中表示的字符。请将该文件保存为 Unicode 格式以防止数据丢失
..\..\..\..\dev\opencv\opencv3.1\build\include\opencv2/core/utility.hpp : warning C4819: 该文件包含不能在当前代码页(936)中表示的字符。请将该文件保存为 Unicode 格式以防止数据丢失
..\..\..\..\dev\opencv\opencv3.1\build\include\opencv2/core/utility.hpp : warning C4819: 该文件包含不能在当前代码页(936)中表示的字符。请将该文件保存为 Unicode 格式以防止数据丢失
  moc_hdf5sink.cpp
..\..\..\..\dev\opencv\opencv3.1\build\include\opencv2/core/mat.hpp(1965): warning C4819: 该文件包含不能在当前代码页(936)中表示的字符。请将该文件保存为 Unicode 格式以防止数据丢失
..\..\..\..\dev\opencv\opencv3.1\build\include\opencv2/core/persistence.hpp : warning C4819: 该文件包含不能在当前代码页(936)中表示的字符。请将该文件保存为 Unicode 格式以防止数据丢失
..\..\..\..\dev\opencv\opencv3.1\build\include\opencv2/core/utility.hpp : warning C4819: 该文件包含不能在当前代码页(936)中表示的字符。请将该文件保存为 Unicode 格式以防止数据丢失
..\..\..\..\dev\opencv\opencv3.1\build\include\opencv2/core/utility.hpp : warning C4819: 该文件包含不能在当前代码页(936)中表示的字符。请将该文件保存为 Unicode 格式以防止数据丢失
d:\dropbox\projects\bumblebeecontrol\videoinput\genlcam\include\infra\types\IntTypes.h(297): warning C4005: “PRId64”: 宏重定义
  C:\Program Files (x86)\Windows Kits\10\Include\10.0.10240.0\ucrt\inttypes.h(112): note: 参见“PRId64”的前一个定义
d:\dropbox\projects\bumblebeecontrol\videoinput\genlcam\include\infra\types\IntTypes.h(298): warning C4005: “PRIi64”: 宏重定义
  C:\Program Files (x86)\Windows Kits\10\Include\10.0.10240.0\ucrt\inttypes.h(131): note: 参见“PRIi64”的前一个定义
d:\dropbox\projects\bumblebeecontrol\videoinput\genlcam\include\infra\types\IntTypes.h(299): warning C4005: “PRIu64”: 宏重定义
  C:\Program Files (x86)\Windows Kits\10\Include\10.0.10240.0\ucrt\inttypes.h(169): note: 参见“PRIu64”的前一个定义
d:\dropbox\projects\bumblebeecontrol\videoinput\genlcam\include\infra\types\IntTypes.h(300): warning C4005: “PRIo64”: 宏重定义
  C:\Program Files (x86)\Windows Kits\10\Include\10.0.10240.0\ucrt\inttypes.h(150): note: 参见“PRIo64”的前一个定义
d:\dropbox\projects\bumblebeecontrol\videoinput\genlcam\include\infra\types\IntTypes.h(301): warning C4005: “PRIx64”: 宏重定义
  C:\Program Files (x86)\Windows Kits\10\Include\10.0.10240.0\ucrt\inttypes.h(188): note: 参见“PRIx64”的前一个定义
  moc_mainwindow.cpp
..\..\..\..\dev\opencv\opencv3.1\build\include\opencv2/core/mat.hpp(1965): warning C4819: 该文件包含不能在当前代码页(936)中表示的字符。请将该文件保存为 Unicode 格式以防止数据丢失
..\..\..\..\dev\opencv\opencv3.1\build\include\opencv2/core/persistence.hpp : warning C4819: 该文件包含不能在当前代码页(936)中表示的字符。请将该文件保存为 Unicode 格式以防止数据丢失
..\..\..\..\dev\opencv\opencv3.1\build\include\opencv2/core/utility.hpp : warning C4819: 该文件包含不能在当前代码页(936)中表示的字符。请将该文件保存为 Unicode 格式以防止数据丢失
..\..\..\..\dev\opencv\opencv3.1\build\include\opencv2/core/utility.hpp : warning C4819: 该文件包含不能在当前代码页(936)中表示的字符。请将该文件保存为 Unicode 格式以防止数据丢失
videoinput\genlcam\Include\GenICam/Camera.h : warning C4819: 该文件包含不能在当前代码页(936)中表示的字符。请将该文件保存为 Unicode 格式以防止数据丢失
d:\dropbox\projects\bumblebeecontrol\videoinput\genlcam\include\infra\types\IntTypes.h(297): warning C4005: “PRId64”: 宏重定义
  C:\Program Files (x86)\Windows Kits\10\Include\10.0.10240.0\ucrt\inttypes.h(112): note: 参见“PRId64”的前一个定义
d:\dropbox\projects\bumblebeecontrol\videoinput\genlcam\include\infra\types\IntTypes.h(298): warning C4005: “PRIi64”: 宏重定义
  C:\Program Files (x86)\Windows Kits\10\Include\10.0.10240.0\ucrt\inttypes.h(131): note: 参见“PRIi64”的前一个定义
d:\dropbox\projects\bumblebeecontrol\videoinput\genlcam\include\infra\types\IntTypes.h(299): warning C4005: “PRIu64”: 宏重定义
  C:\Program Files (x86)\Windows Kits\10\Include\10.0.10240.0\ucrt\inttypes.h(169): note: 参见“PRIu64”的前一个定义
d:\dropbox\projects\bumblebeecontrol\videoinput\genlcam\include\infra\types\IntTypes.h(300): warning C4005: “PRIo64”: 宏重定义
  C:\Program Files (x86)\Windows Kits\10\Include\10.0.10240.0\ucrt\inttypes.h(150): note: 参见“PRIo64”的前一个定义
d:\dropbox\projects\bumblebeecontrol\videoinput\genlcam\include\infra\types\IntTypes.h(301): warning C4005: “PRIx64”: 宏重定义
  C:\Program Files (x86)\Windows Kits\10\Include\10.0.10240.0\ucrt\inttypes.h(188): note: 参见“PRIx64”的前一个定义
d:\dropbox\projects\bumblebeecontrol\videoinput\genlcam\include\genicam\Frame.h : warning C4819: 该文件包含不能在当前代码页(936)中表示的字符。请将该文件保存为 Unicode 格式以防止数据丢失
d:\dropbox\projects\bumblebeecontrol\videoinput\genlcam\include\genicam\PixelType.h : warning C4819: 该文件包含不能在当前代码页(936)中表示的字符。请将该文件保存为 Unicode 格式以防止数据丢失
d:\dropbox\projects\bumblebeecontrol\videoinput\genlcam\include\genicam\StreamSource.h : warning C4819: 该文件包含不能在当前代码页(936)中表示的字符。请将该文件保存为 Unicode 格式以防止数据丢失
videoinput\genlcam\Include\GenICam/System.h : warning C4819: 该文件包含不能在当前代码页(936)中表示的字符。请将该文件保存为 Unicode 格式以防止数据丢失
d:\dropbox\projects\bumblebeecontrol\videoinput\genlcam\include\genicam\ParameterNode.h : warning C4819: 该文件包含不能在当前代码页(936)中表示的字符。请将该文件保存为 Unicode 格式以防止数据丢失
d:\dropbox\projects\bumblebeecontrol\videoinput\genlcam\include\genicam\AcquisitionControl.h : warning C4819: 该文件包含不能在当前代码页(936)中表示的字符。请将该文件保存为 Unicode 格式以防止数据丢失
d:\dropbox\projects\bumblebeecontrol\videoinput\genlcam\include\genicam\AnalogControl.h : warning C4819: 该文件包含不能在当前代码页(936)中表示的字符。请将该文件保存为 Unicode 格式以防止数据丢失
d:\dropbox\projects\bumblebeecontrol\videoinput\genlcam\include\genicam\ImageFormatControl.h : warning C4819: 该文件包含不能在当前代码页(936)中表示的字符。请将该文件保存为 Unicode 格式以防止数据丢失
d:\dropbox\projects\bumblebeecontrol\videoinput\genlcam\include\genicam\ISPControl.h : warning C4819: 该文件包含不能在当前代码页(936)中表示的字符。请将该文件保存为 Unicode 格式以防止数据丢失
d:\dropbox\projects\bumblebeecontrol\videoinput\genlcam\include\genicam\UserSetControl.h : warning C4819: 该文件包含不能在当前代码页(936)中表示的字符。请将该文件保存为 Unicode 格式以防止数据丢失
d:\dropbox\projects\bumblebeecontrol\videoinput\genlcam\include\genicam\DeviceControl.h : warning C4819: 该文件包含不能在当前代码页(936)中表示的字符。请将该文件保存为 Unicode 格式以防止数据丢失
d:\dropbox\projects\bumblebeecontrol\videoinput\genlcam\include\genicam\TransportLayerControl.h : warning C4819: 该文件包含不能在当前代码页(936)中表示的字符。请将该文件保存为 Unicode 格式以防止数据丢失
d:\dropbox\projects\bumblebeecontrol\videoinput\genlcam\include\genicam\DigitalIOControl.h : warning C4819: 该文件包含不能在当前代码页(936)中表示的字符。请将该文件保存为 Unicode 格式以防止数据丢失
d:\dropbox\projects\bumblebeecontrol\videoinput\genlcam\include\genicam\EventSubscribe.h : warning C4819: 该文件包含不能在当前代码页(936)中表示的字符。请将该文件保存为 Unicode 格式以防止数据丢失
  moc_opencvsink.cpp
..\..\..\..\dev\opencv\opencv3.1\build\include\opencv2/core/mat.hpp(1965): warning C4819: 该文件包含不能在当前代码页(936)中表示的字符。请将该文件保存为 Unicode 格式以防止数据丢失
..\..\..\..\dev\opencv\opencv3.1\build\include\opencv2/core/persistence.hpp : warning C4819: 该文件包含不能在当前代码页(936)中表示的字符。请将该文件保存为 Unicode 格式以防止数据丢失
..\..\..\..\dev\opencv\opencv3.1\build\include\opencv2/core/utility.hpp : warning C4819: 该文件包含不能在当前代码页(936)中表示的字符。请将该文件保存为 Unicode 格式以防止数据丢失
..\..\..\..\dev\opencv\opencv3.1\build\include\opencv2/core/utility.hpp : warning C4819: 该文件包含不能在当前代码页(936)中表示的字符。请将该文件保存为 Unicode 格式以防止数据丢失
  moc_settings.cpp
  settings.cpp
  正在生成代码...
  qrc_state_pic.cpp
  BumbleBeeControl.vcxproj -> D:\Dropbox\Projects\BumbleBeeControl\release\BumbleBeeControl.exe
